2018-06-04 10:38:17  [ main:0 ] - [ INFO ]  {dataSource-1} inited
2018-06-04 10:38:38  [ main:0 ] - [ INFO ]  {dataSource-1} inited
2018-06-04 10:38:38  [ main:599 ] - [ INFO ]  The total time spent on updating is 655millisecond.
2018-06-04 11:36:11  [ main:0 ] - [ INFO ]  Refreshing org.springframework.context.support.ClassPathXmlApplicationContext@11aa95a: startup date [Mon Jun 04 11:36:11 CST 2018]; root of context hierarchy
2018-06-04 11:36:11  [ main:95 ] - [ INFO ]  Loading XML bean definitions from class path resource [applicationContext.xml]
2018-06-04 11:36:12  [ main:867 ] - [ INFO ]  Loading properties file from class path resource [db.properties]
2018-06-04 11:36:13  [ main:1772 ] - [ INFO ]  {dataSource-1} inited
2018-06-04 11:39:50  [ main:0 ] - [ INFO ]  Refreshing org.springframework.context.support.ClassPathXmlApplicationContext@11aa95a: startup date [Mon Jun 04 11:39:50 CST 2018]; root of context hierarchy
2018-06-04 11:39:50  [ main:79 ] - [ INFO ]  Loading XML bean definitions from class path resource [applicationContext.xml]
2018-06-04 11:39:50  [ main:369 ] - [ INFO ]  Loading properties file from class path resource [db.properties]
2018-06-04 11:39:50  [ main:669 ] - [ INFO ]  {dataSource-1} inited
2018-06-04 11:42:54  [ main:0 ] - [ INFO ]  Refreshing org.springframework.context.support.ClassPathXmlApplicationContext@cbc42f: startup date [Mon Jun 04 11:42:54 CST 2018]; root of context hierarchy
2018-06-04 11:42:54  [ main:91 ] - [ INFO ]  Loading XML bean definitions from class path resource [applicationContext.xml]
2018-06-04 11:42:54  [ main:376 ] - [ INFO ]  Loading properties file from class path resource [db.properties]
2018-06-04 11:42:54  [ main:648 ] - [ INFO ]  {dataSource-1} inited
2018-06-04 11:59:54  [ main:0 ] - [ INFO ]  Refreshing org.springframework.context.support.ClassPathXmlApplicationContext@cbc42f: startup date [Mon Jun 04 11:59:54 CST 2018]; root of context hierarchy
2018-06-04 11:59:54  [ main:119 ] - [ INFO ]  Loading XML bean definitions from class path resource [applicationContext.xml]
2018-06-04 11:59:55  [ main:964 ] - [ INFO ]  Loading properties file from class path resource [db.properties]
2018-06-04 11:59:55  [ main:1810 ] - [ INFO ]  {dataSource-1} inited
2018-06-04 12:08:20  [ main:0 ] - [ INFO ]  Loaded default TestExecutionListener class names from location [META-INF/spring.factories]: [org.springframework.test.context.web.ServletTestExecutionListener, org.springframework.test.context.support.DirtiesContextBeforeModesTestExecutionListener, org.springframework.test.context.support.DependencyInjectionTestExecutionListener, org.springframework.test.context.support.DirtiesContextTestExecutionListener, org.springframework.test.context.transaction.TransactionalTestExecutionListener, org.springframework.test.context.jdbc.SqlScriptsTestExecutionListener]
2018-06-04 12:08:20  [ main:33 ] - [ INFO ]  Could not instantiate TestExecutionListener [org.springframework.test.context.web.ServletTestExecutionListener]. Specify custom listener classes or make the default listener classes (and their required dependencies) available. Offending class: [javax/servlet/ServletContext]
2018-06-04 12:08:20  [ main:35 ] - [ INFO ]  Using TestExecutionListeners: [org.springframework.test.context.support.DirtiesContextBeforeModesTestExecutionListener@16a51ab, org.springframework.test.context.support.DependencyInjectionTestExecutionListener@1081592, org.springframework.test.context.support.DirtiesContextTestExecutionListener@19a81e8, org.springframework.test.context.transaction.TransactionalTestExecutionListener@1629756, org.springframework.test.context.jdbc.SqlScriptsTestExecutionListener@ee68d8]
2018-06-04 12:08:20  [ main:343 ] - [ INFO ]  Loading XML bean definitions from class path resource [applicationContext.xml]
2018-06-04 12:08:20  [ main:676 ] - [ INFO ]  Refreshing org.springframework.context.support.GenericApplicationContext@f777e8: startup date [Mon Jun 04 12:08:20 CST 2018]; root of context hierarchy
2018-06-04 12:08:21  [ main:920 ] - [ INFO ]  Loading properties file from class path resource [db.properties]
2018-06-04 12:08:21  [ main:1236 ] - [ INFO ]  {dataSource-1} inited
2018-06-04 12:08:22  [ Thread-1:2046 ] - [ INFO ]  Closing org.springframework.context.support.GenericApplicationContext@f777e8: startup date [Mon Jun 04 12:08:20 CST 2018]; root of context hierarchy
2018-06-04 12:08:22  [ Thread-1:2052 ] - [ INFO ]  {dataSource-1} closed
2018-06-04 12:11:07  [ main:0 ] - [ INFO ]  Loaded default TestExecutionListener class names from location [META-INF/spring.factories]: [org.springframework.test.context.web.ServletTestExecutionListener, org.springframework.test.context.support.DirtiesContextBeforeModesTestExecutionListener, org.springframework.test.context.support.DependencyInjectionTestExecutionListener, org.springframework.test.context.support.DirtiesContextTestExecutionListener, org.springframework.test.context.transaction.TransactionalTestExecutionListener, org.springframework.test.context.jdbc.SqlScriptsTestExecutionListener]
2018-06-04 12:11:07  [ main:39 ] - [ INFO ]  Could not instantiate TestExecutionListener [org.springframework.test.context.web.ServletTestExecutionListener]. Specify custom listener classes or make the default listener classes (and their required dependencies) available. Offending class: [javax/servlet/ServletContext]
2018-06-04 12:11:07  [ main:40 ] - [ INFO ]  Using TestExecutionListeners: [org.springframework.test.context.support.DirtiesContextBeforeModesTestExecutionListener@16a51ab, org.springframework.test.context.support.DependencyInjectionTestExecutionListener@1081592, org.springframework.test.context.support.DirtiesContextTestExecutionListener@19a81e8, org.springframework.test.context.transaction.TransactionalTestExecutionListener@1629756, org.springframework.test.context.jdbc.SqlScriptsTestExecutionListener@ee68d8]
2018-06-04 12:11:07  [ main:302 ] - [ INFO ]  Loading XML bean definitions from class path resource [applicationContext.xml]
2018-06-04 12:11:07  [ main:691 ] - [ INFO ]  Refreshing org.springframework.context.support.GenericApplicationContext@f777e8: startup date [Mon Jun 04 12:11:07 CST 2018]; root of context hierarchy
2018-06-04 12:11:08  [ main:972 ] - [ INFO ]  Loading properties file from class path resource [db.properties]
2018-06-04 12:11:08  [ main:1401 ] - [ INFO ]  {dataSource-1} inited
2018-06-04 12:11:09  [ Thread-1:2904 ] - [ INFO ]  Closing org.springframework.context.support.GenericApplicationContext@f777e8: startup date [Mon Jun 04 12:11:07 CST 2018]; root of context hierarchy
2018-06-04 12:11:09  [ Thread-1:2909 ] - [ INFO ]  {dataSource-1} closed
2018-06-04 12:12:04  [ main:0 ] - [ INFO ]  Loaded default TestExecutionListener class names from location [META-INF/spring.factories]: [org.springframework.test.context.web.ServletTestExecutionListener, org.springframework.test.context.support.DirtiesContextBeforeModesTestExecutionListener, org.springframework.test.context.support.DependencyInjectionTestExecutionListener, org.springframework.test.context.support.DirtiesContextTestExecutionListener, org.springframework.test.context.transaction.TransactionalTestExecutionListener, org.springframework.test.context.jdbc.SqlScriptsTestExecutionListener]
2018-06-04 12:12:04  [ main:23 ] - [ INFO ]  Could not instantiate TestExecutionListener [org.springframework.test.context.web.ServletTestExecutionListener]. Specify custom listener classes or make the default listener classes (and their required dependencies) available. Offending class: [javax/servlet/ServletContext]
2018-06-04 12:12:04  [ main:25 ] - [ INFO ]  Using TestExecutionListeners: [org.springframework.test.context.support.DirtiesContextBeforeModesTestExecutionListener@16a51ab, org.springframework.test.context.support.DependencyInjectionTestExecutionListener@1081592, org.springframework.test.context.support.DirtiesContextTestExecutionListener@19a81e8, org.springframework.test.context.transaction.TransactionalTestExecutionListener@1629756, org.springframework.test.context.jdbc.SqlScriptsTestExecutionListener@ee68d8]
2018-06-04 12:12:04  [ main:183 ] - [ INFO ]  Loading XML bean definitions from class path resource [applicationContext.xml]
2018-06-04 12:12:05  [ main:409 ] - [ INFO ]  Refreshing org.springframework.context.support.GenericApplicationContext@f777e8: startup date [Mon Jun 04 12:12:05 CST 2018]; root of context hierarchy
2018-06-04 12:12:05  [ main:559 ] - [ INFO ]  Loading properties file from class path resource [db.properties]
2018-06-04 12:12:05  [ main:823 ] - [ INFO ]  {dataSource-1} inited
2018-06-04 12:12:06  [ Thread-1:1928 ] - [ INFO ]  Closing org.springframework.context.support.GenericApplicationContext@f777e8: startup date [Mon Jun 04 12:12:05 CST 2018]; root of context hierarchy
2018-06-04 12:12:06  [ Thread-1:1934 ] - [ INFO ]  {dataSource-1} closed
2018-06-04 12:13:49  [ main:0 ] - [ INFO ]  Loaded default TestExecutionListener class names from location [META-INF/spring.factories]: [org.springframework.test.context.web.ServletTestExecutionListener, org.springframework.test.context.support.DirtiesContextBeforeModesTestExecutionListener, org.springframework.test.context.support.DependencyInjectionTestExecutionListener, org.springframework.test.context.support.DirtiesContextTestExecutionListener, org.springframework.test.context.transaction.TransactionalTestExecutionListener, org.springframework.test.context.jdbc.SqlScriptsTestExecutionListener]
2018-06-04 12:13:49  [ main:24 ] - [ INFO ]  Could not instantiate TestExecutionListener [org.springframework.test.context.web.ServletTestExecutionListener]. Specify custom listener classes or make the default listener classes (and their required dependencies) available. Offending class: [javax/servlet/ServletContext]
2018-06-04 12:13:49  [ main:25 ] - [ INFO ]  Using TestExecutionListeners: [org.springframework.test.context.support.DirtiesContextBeforeModesTestExecutionListener@16a51ab, org.springframework.test.context.support.DependencyInjectionTestExecutionListener@1081592, org.springframework.test.context.support.DirtiesContextTestExecutionListener@19a81e8, org.springframework.test.context.transaction.TransactionalTestExecutionListener@1629756, org.springframework.test.context.jdbc.SqlScriptsTestExecutionListener@ee68d8]
2018-06-04 12:13:49  [ main:170 ] - [ INFO ]  Loading XML bean definitions from class path resource [applicationContext.xml]
2018-06-04 12:13:49  [ main:374 ] - [ INFO ]  Refreshing org.springframework.context.support.GenericApplicationContext@f777e8: startup date [Mon Jun 04 12:13:49 CST 2018]; root of context hierarchy
2018-06-04 12:13:49  [ main:554 ] - [ INFO ]  Loading properties file from class path resource [db.properties]
2018-06-04 12:13:50  [ main:823 ] - [ INFO ]  {dataSource-1} inited
2018-06-04 12:13:50  [ Thread-1:1579 ] - [ INFO ]  Closing org.springframework.context.support.GenericApplicationContext@f777e8: startup date [Mon Jun 04 12:13:49 CST 2018]; root of context hierarchy
2018-06-04 12:13:50  [ Thread-1:1588 ] - [ INFO ]  {dataSource-1} closed
2018-06-04 12:13:59  [ main:0 ] - [ INFO ]  Loaded default TestExecutionListener class names from location [META-INF/spring.factories]: [org.springframework.test.context.web.ServletTestExecutionListener, org.springframework.test.context.support.DirtiesContextBeforeModesTestExecutionListener, org.springframework.test.context.support.DependencyInjectionTestExecutionListener, org.springframework.test.context.support.DirtiesContextTestExecutionListener, org.springframework.test.context.transaction.TransactionalTestExecutionListener, org.springframework.test.context.jdbc.SqlScriptsTestExecutionListener]
2018-06-04 12:13:59  [ main:24 ] - [ INFO ]  Could not instantiate TestExecutionListener [org.springframework.test.context.web.ServletTestExecutionListener]. Specify custom listener classes or make the default listener classes (and their required dependencies) available. Offending class: [javax/servlet/ServletContext]
2018-06-04 12:13:59  [ main:25 ] - [ INFO ]  Using TestExecutionListeners: [org.springframework.test.context.support.DirtiesContextBeforeModesTestExecutionListener@16a51ab, org.springframework.test.context.support.DependencyInjectionTestExecutionListener@1081592, org.springframework.test.context.support.DirtiesContextTestExecutionListener@19a81e8, org.springframework.test.context.transaction.TransactionalTestExecutionListener@1629756, org.springframework.test.context.jdbc.SqlScriptsTestExecutionListener@ee68d8]
2018-06-04 12:13:59  [ main:176 ] - [ INFO ]  Loading XML bean definitions from class path resource [applicationContext.xml]
2018-06-04 12:13:59  [ main:386 ] - [ INFO ]  Refreshing org.springframework.context.support.GenericApplicationContext@f777e8: startup date [Mon Jun 04 12:13:59 CST 2018]; root of context hierarchy
2018-06-04 12:14:00  [ main:605 ] - [ INFO ]  Loading properties file from class path resource [db.properties]
2018-06-04 12:14:00  [ main:940 ] - [ INFO ]  {dataSource-1} inited
2018-06-04 12:14:01  [ main:1603 ] - [ INFO ]  The total time spent on updating is 366millisecond.
2018-06-04 12:14:01  [ Thread-1:1605 ] - [ INFO ]  Closing org.springframework.context.support.GenericApplicationContext@f777e8: startup date [Mon Jun 04 12:13:59 CST 2018]; root of context hierarchy
2018-06-04 12:14:01  [ Thread-1:1609 ] - [ INFO ]  {dataSource-1} closed
2018-06-04 13:10:58  [ main:0 ] - [ INFO ]  Loaded default TestExecutionListener class names from location [META-INF/spring.factories]: [org.springframework.test.context.web.ServletTestExecutionListener, org.springframework.test.context.support.DirtiesContextBeforeModesTestExecutionListener, org.springframework.test.context.support.DependencyInjectionTestExecutionListener, org.springframework.test.context.support.DirtiesContextTestExecutionListener, org.springframework.test.context.transaction.TransactionalTestExecutionListener, org.springframework.test.context.jdbc.SqlScriptsTestExecutionListener]
2018-06-04 13:10:58  [ main:125 ] - [ INFO ]  Could not instantiate TestExecutionListener [org.springframework.test.context.web.ServletTestExecutionListener]. Specify custom listener classes or make the default listener classes (and their required dependencies) available. Offending class: [javax/servlet/ServletContext]
2018-06-04 13:10:58  [ main:125 ] - [ INFO ]  Using TestExecutionListeners: [org.springframework.test.context.support.DirtiesContextBeforeModesTestExecutionListener@16a51ab, org.springframework.test.context.support.DependencyInjectionTestExecutionListener@1081592, org.springframework.test.context.support.DirtiesContextTestExecutionListener@19a81e8, org.springframework.test.context.transaction.TransactionalTestExecutionListener@1629756, org.springframework.test.context.jdbc.SqlScriptsTestExecutionListener@ee68d8]
2018-06-04 13:10:58  [ main:563 ] - [ INFO ]  Loading XML bean definitions from class path resource [applicationContext.xml]
2018-06-04 13:10:59  [ main:1391 ] - [ INFO ]  Refreshing org.springframework.context.support.GenericApplicationContext@f777e8: startup date [Mon Jun 04 13:10:59 CST 2018]; root of context hierarchy
2018-06-04 13:10:59  [ main:1688 ] - [ INFO ]  Loading properties file from class path resource [db.properties]
2018-06-04 13:11:00  [ main:2517 ] - [ INFO ]  {dataSource-1} inited
2018-06-04 13:11:02  [ Thread-1:4532 ] - [ INFO ]  Closing org.springframework.context.support.GenericApplicationContext@f777e8: startup date [Mon Jun 04 13:10:59 CST 2018]; root of context hierarchy
2018-06-04 13:11:02  [ Thread-1:4548 ] - [ INFO ]  {dataSource-1} closed
2018-06-04 13:11:26  [ main:0 ] - [ INFO ]  Loaded default TestExecutionListener class names from location [META-INF/spring.factories]: [org.springframework.test.context.web.ServletTestExecutionListener, org.springframework.test.context.support.DirtiesContextBeforeModesTestExecutionListener, org.springframework.test.context.support.DependencyInjectionTestExecutionListener, org.springframework.test.context.support.DirtiesContextTestExecutionListener, org.springframework.test.context.transaction.TransactionalTestExecutionListener, org.springframework.test.context.jdbc.SqlScriptsTestExecutionListener]
2018-06-04 13:11:26  [ main:31 ] - [ INFO ]  Could not instantiate TestExecutionListener [org.springframework.test.context.web.ServletTestExecutionListener]. Specify custom listener classes or make the default listener classes (and their required dependencies) available. Offending class: [javax/servlet/ServletContext]
2018-06-04 13:11:26  [ main:31 ] - [ INFO ]  Using TestExecutionListeners: [org.springframework.test.context.support.DirtiesContextBeforeModesTestExecutionListener@16a51ab, org.springframework.test.context.support.DependencyInjectionTestExecutionListener@1081592, org.springframework.test.context.support.DirtiesContextTestExecutionListener@19a81e8, org.springframework.test.context.transaction.TransactionalTestExecutionListener@1629756, org.springframework.test.context.jdbc.SqlScriptsTestExecutionListener@ee68d8]
2018-06-04 13:11:26  [ main:156 ] - [ INFO ]  Loading XML bean definitions from class path resource [applicationContext.xml]
2018-06-04 13:11:27  [ main:375 ] - [ INFO ]  Refreshing org.springframework.context.support.GenericApplicationContext@f777e8: startup date [Mon Jun 04 13:11:27 CST 2018]; root of context hierarchy
2018-06-04 13:11:27  [ main:515 ] - [ INFO ]  Loading properties file from class path resource [db.properties]
2018-06-04 13:11:27  [ main:781 ] - [ INFO ]  {dataSource-1} inited
2018-06-04 13:11:28  [ Thread-1:1484 ] - [ INFO ]  Closing org.springframework.context.support.GenericApplicationContext@f777e8: startup date [Mon Jun 04 13:11:27 CST 2018]; root of context hierarchy
2018-06-04 13:11:28  [ Thread-1:1500 ] - [ INFO ]  {dataSource-1} closed
2018-06-04 13:11:35  [ main:0 ] - [ INFO ]  Loaded default TestExecutionListener class names from location [META-INF/spring.factories]: [org.springframework.test.context.web.ServletTestExecutionListener, org.springframework.test.context.support.DirtiesContextBeforeModesTestExecutionListener, org.springframework.test.context.support.DependencyInjectionTestExecutionListener, org.springframework.test.context.support.DirtiesContextTestExecutionListener, org.springframework.test.context.transaction.TransactionalTestExecutionListener, org.springframework.test.context.jdbc.SqlScriptsTestExecutionListener]
2018-06-04 13:11:35  [ main:31 ] - [ INFO ]  Could not instantiate TestExecutionListener [org.springframework.test.context.web.ServletTestExecutionListener]. Specify custom listener classes or make the default listener classes (and their required dependencies) available. Offending class: [javax/servlet/ServletContext]
2018-06-04 13:11:35  [ main:31 ] - [ INFO ]  Using TestExecutionListeners: [org.springframework.test.context.support.DirtiesContextBeforeModesTestExecutionListener@16a51ab, org.springframework.test.context.support.DependencyInjectionTestExecutionListener@1081592, org.springframework.test.context.support.DirtiesContextTestExecutionListener@19a81e8, org.springframework.test.context.transaction.TransactionalTestExecutionListener@1629756, org.springframework.test.context.jdbc.SqlScriptsTestExecutionListener@ee68d8]
2018-06-04 13:11:35  [ main:171 ] - [ INFO ]  Loading XML bean definitions from class path resource [applicationContext.xml]
2018-06-04 13:11:35  [ main:359 ] - [ INFO ]  Refreshing org.springframework.context.support.GenericApplicationContext@f777e8: startup date [Mon Jun 04 13:11:35 CST 2018]; root of context hierarchy
2018-06-04 13:11:35  [ main:515 ] - [ INFO ]  Loading properties file from class path resource [db.properties]
2018-06-04 13:11:35  [ main:781 ] - [ INFO ]  {dataSource-1} inited
2018-06-04 13:11:36  [ Thread-1:1500 ] - [ INFO ]  Closing org.springframework.context.support.GenericApplicationContext@f777e8: startup date [Mon Jun 04 13:11:35 CST 2018]; root of context hierarchy
2018-06-04 13:11:36  [ Thread-1:1515 ] - [ INFO ]  {dataSource-1} closed
2018-06-04 13:22:51  [ main:0 ] - [ INFO ]  Loaded default TestExecutionListener class names from location [META-INF/spring.factories]: [org.springframework.test.context.web.ServletTestExecutionListener, org.springframework.test.context.support.DirtiesContextBeforeModesTestExecutionListener, org.springframework.test.context.support.DependencyInjectionTestExecutionListener, org.springframework.test.context.support.DirtiesContextTestExecutionListener, org.springframework.test.context.transaction.TransactionalTestExecutionListener, org.springframework.test.context.jdbc.SqlScriptsTestExecutionListener]
2018-06-04 13:22:51  [ main:16 ] - [ INFO ]  Could not instantiate TestExecutionListener [org.springframework.test.context.web.ServletTestExecutionListener]. Specify custom listener classes or make the default listener classes (and their required dependencies) available. Offending class: [javax/servlet/ServletContext]
2018-06-04 13:22:51  [ main:16 ] - [ INFO ]  Using TestExecutionListeners: [org.springframework.test.context.support.DirtiesContextBeforeModesTestExecutionListener@16a51ab, org.springframework.test.context.support.DependencyInjectionTestExecutionListener@1081592, org.springframework.test.context.support.DirtiesContextTestExecutionListener@19a81e8, org.springframework.test.context.transaction.TransactionalTestExecutionListener@1629756, org.springframework.test.context.jdbc.SqlScriptsTestExecutionListener@ee68d8]
2018-06-04 13:22:51  [ main:157 ] - [ INFO ]  Loading XML bean definitions from class path resource [applicationContext.xml]
2018-06-04 13:22:52  [ main:344 ] - [ INFO ]  Refreshing org.springframework.context.support.GenericApplicationContext@f777e8: startup date [Mon Jun 04 13:22:52 CST 2018]; root of context hierarchy
2018-06-04 13:22:52  [ main:469 ] - [ INFO ]  Loading properties file from class path resource [db.properties]
2018-06-04 13:22:52  [ main:719 ] - [ INFO ]  {dataSource-1} inited
2018-06-04 13:22:53  [ Thread-1:1500 ] - [ INFO ]  Closing org.springframework.context.support.GenericApplicationContext@f777e8: startup date [Mon Jun 04 13:22:52 CST 2018]; root of context hierarchy
2018-06-04 13:22:53  [ Thread-1:1500 ] - [ INFO ]  {dataSource-1} closed
2018-06-04 13:23:09  [ main:0 ] - [ INFO ]  Loaded default TestExecutionListener class names from location [META-INF/spring.factories]: [org.springframework.test.context.web.ServletTestExecutionListener, org.springframework.test.context.support.DirtiesContextBeforeModesTestExecutionListener, org.springframework.test.context.support.DependencyInjectionTestExecutionListener, org.springframework.test.context.support.DirtiesContextTestExecutionListener, org.springframework.test.context.transaction.TransactionalTestExecutionListener, org.springframework.test.context.jdbc.SqlScriptsTestExecutionListener]
2018-06-04 13:23:09  [ main:15 ] - [ INFO ]  Could not instantiate TestExecutionListener [org.springframework.test.context.web.ServletTestExecutionListener]. Specify custom listener classes or make the default listener classes (and their required dependencies) available. Offending class: [javax/servlet/ServletContext]
2018-06-04 13:23:09  [ main:15 ] - [ INFO ]  Using TestExecutionListeners: [org.springframework.test.context.support.DirtiesContextBeforeModesTestExecutionListener@16a51ab, org.springframework.test.context.support.DependencyInjectionTestExecutionListener@1081592, org.springframework.test.context.support.DirtiesContextTestExecutionListener@19a81e8, org.springframework.test.context.transaction.TransactionalTestExecutionListener@1629756, org.springframework.test.context.jdbc.SqlScriptsTestExecutionListener@ee68d8]
2018-06-04 13:23:09  [ main:156 ] - [ INFO ]  Loading XML bean definitions from class path resource [applicationContext.xml]
2018-06-04 13:23:09  [ main:344 ] - [ INFO ]  Refreshing org.springframework.context.support.GenericApplicationContext@f777e8: startup date [Mon Jun 04 13:23:09 CST 2018]; root of context hierarchy
2018-06-04 13:23:10  [ main:500 ] - [ INFO ]  Loading properties file from class path resource [db.properties]
2018-06-04 13:23:10  [ main:750 ] - [ INFO ]  {dataSource-1} inited
2018-06-04 13:23:10  [ Thread-1:1453 ] - [ INFO ]  Closing org.springframework.context.support.GenericApplicationContext@f777e8: startup date [Mon Jun 04 13:23:09 CST 2018]; root of context hierarchy
2018-06-04 13:23:11  [ Thread-1:1469 ] - [ INFO ]  {dataSource-1} closed
2018-06-04 13:25:06  [ main:0 ] - [ INFO ]  Loaded default TestExecutionListener class names from location [META-INF/spring.factories]: [org.springframework.test.context.web.ServletTestExecutionListener, org.springframework.test.context.support.DirtiesContextBeforeModesTestExecutionListener, org.springframework.test.context.support.DependencyInjectionTestExecutionListener, org.springframework.test.context.support.DirtiesContextTestExecutionListener, org.springframework.test.context.transaction.TransactionalTestExecutionListener, org.springframework.test.context.jdbc.SqlScriptsTestExecutionListener]
2018-06-04 13:25:06  [ main:31 ] - [ INFO ]  Could not instantiate TestExecutionListener [org.springframework.test.context.web.ServletTestExecutionListener]. Specify custom listener classes or make the default listener classes (and their required dependencies) available. Offending class: [javax/servlet/ServletContext]
2018-06-04 13:25:06  [ main:31 ] - [ INFO ]  Using TestExecutionListeners: [org.springframework.test.context.support.DirtiesContextBeforeModesTestExecutionListener@16a51ab, org.springframework.test.context.support.DependencyInjectionTestExecutionListener@1081592, org.springframework.test.context.support.DirtiesContextTestExecutionListener@19a81e8, org.springframework.test.context.transaction.TransactionalTestExecutionListener@1629756, org.springframework.test.context.jdbc.SqlScriptsTestExecutionListener@ee68d8]
2018-06-04 13:25:07  [ main:172 ] - [ INFO ]  Loading XML bean definitions from class path resource [applicationContext.xml]
2018-06-04 13:25:07  [ main:344 ] - [ INFO ]  Refreshing org.springframework.context.support.GenericApplicationContext@f777e8: startup date [Mon Jun 04 13:25:07 CST 2018]; root of context hierarchy
2018-06-04 13:25:07  [ main:515 ] - [ INFO ]  Loading properties file from class path resource [db.properties]
2018-06-04 13:25:07  [ main:756 ] - [ INFO ]  {dataSource-1} inited
2018-06-04 13:25:08  [ Thread-1:1444 ] - [ INFO ]  Closing org.springframework.context.support.GenericApplicationContext@f777e8: startup date [Mon Jun 04 13:25:07 CST 2018]; root of context hierarchy
2018-06-04 13:25:08  [ Thread-1:1444 ] - [ INFO ]  {dataSource-1} closed
2018-06-04 13:28:10  [ main:0 ] - [ INFO ]  Loaded default TestExecutionListener class names from location [META-INF/spring.factories]: [org.springframework.test.context.web.ServletTestExecutionListener, org.springframework.test.context.support.DirtiesContextBeforeModesTestExecutionListener, org.springframework.test.context.support.DependencyInjectionTestExecutionListener, org.springframework.test.context.support.DirtiesContextTestExecutionListener, org.springframework.test.context.transaction.TransactionalTestExecutionListener, org.springframework.test.context.jdbc.SqlScriptsTestExecutionListener]
2018-06-04 13:28:10  [ main:31 ] - [ INFO ]  Could not instantiate TestExecutionListener [org.springframework.test.context.web.ServletTestExecutionListener]. Specify custom listener classes or make the default listener classes (and their required dependencies) available. Offending class: [javax/servlet/ServletContext]
2018-06-04 13:28:10  [ main:31 ] - [ INFO ]  Using TestExecutionListeners: [org.springframework.test.context.support.DirtiesContextBeforeModesTestExecutionListener@16a51ab, org.springframework.test.context.support.DependencyInjectionTestExecutionListener@1081592, org.springframework.test.context.support.DirtiesContextTestExecutionListener@19a81e8, org.springframework.test.context.transaction.TransactionalTestExecutionListener@1629756, org.springframework.test.context.jdbc.SqlScriptsTestExecutionListener@ee68d8]
2018-06-04 13:28:10  [ main:187 ] - [ INFO ]  Loading XML bean definitions from class path resource [applicationContext.xml]
2018-06-04 13:28:11  [ main:390 ] - [ INFO ]  Refreshing org.springframework.context.support.GenericApplicationContext@f777e8: startup date [Mon Jun 04 13:28:11 CST 2018]; root of context hierarchy
2018-06-04 13:28:11  [ main:531 ] - [ INFO ]  Loading properties file from class path resource [db.properties]
2018-06-04 13:28:11  [ main:797 ] - [ INFO ]  {dataSource-1} inited
2018-06-04 13:28:12  [ Thread-1:1562 ] - [ INFO ]  Closing org.springframework.context.support.GenericApplicationContext@f777e8: startup date [Mon Jun 04 13:28:11 CST 2018]; root of context hierarchy
2018-06-04 13:28:12  [ Thread-1:1578 ] - [ INFO ]  {dataSource-1} closed
2018-06-04 13:28:23  [ main:0 ] - [ INFO ]  Loaded default TestExecutionListener class names from location [META-INF/spring.factories]: [org.springframework.test.context.web.ServletTestExecutionListener, org.springframework.test.context.support.DirtiesContextBeforeModesTestExecutionListener, org.springframework.test.context.support.DependencyInjectionTestExecutionListener, org.springframework.test.context.support.DirtiesContextTestExecutionListener, org.springframework.test.context.transaction.TransactionalTestExecutionListener, org.springframework.test.context.jdbc.SqlScriptsTestExecutionListener]
2018-06-04 13:28:23  [ main:31 ] - [ INFO ]  Could not instantiate TestExecutionListener [org.springframework.test.context.web.ServletTestExecutionListener]. Specify custom listener classes or make the default listener classes (and their required dependencies) available. Offending class: [javax/servlet/ServletContext]
2018-06-04 13:28:23  [ main:31 ] - [ INFO ]  Using TestExecutionListeners: [org.springframework.test.context.support.DirtiesContextBeforeModesTestExecutionListener@16a51ab, org.springframework.test.context.support.DependencyInjectionTestExecutionListener@1081592, org.springframework.test.context.support.DirtiesContextTestExecutionListener@19a81e8, org.springframework.test.context.transaction.TransactionalTestExecutionListener@1629756, org.springframework.test.context.jdbc.SqlScriptsTestExecutionListener@ee68d8]
2018-06-04 13:28:24  [ main:156 ] - [ INFO ]  Loading XML bean definitions from class path resource [applicationContext.xml]
2018-06-04 13:28:24  [ main:360 ] - [ INFO ]  Refreshing org.springframework.context.support.GenericApplicationContext@f777e8: startup date [Mon Jun 04 13:28:24 CST 2018]; root of context hierarchy
2018-06-04 13:28:24  [ main:516 ] - [ INFO ]  Loading properties file from class path resource [db.properties]
2018-06-04 13:28:24  [ main:799 ] - [ INFO ]  {dataSource-1} inited
2018-06-04 13:28:25  [ main:1174 ] - [ INFO ]  Refreshing org.springframework.context.support.ClassPathXmlApplicationContext@b1e9b8: startup date [Mon Jun 04 13:28:25 CST 2018]; root of context hierarchy
2018-06-04 13:28:25  [ main:1174 ] - [ INFO ]  Loading XML bean definitions from class path resource [applicationContext.xml]
2018-06-04 13:28:25  [ main:1205 ] - [ INFO ]  Loading properties file from class path resource [db.properties]
2018-06-04 13:28:25  [ main:1221 ] - [ INFO ]  {dataSource-2} inited
2018-06-04 13:28:25  [ Thread-1:1268 ] - [ INFO ]  Closing org.springframework.context.support.GenericApplicationContext@f777e8: startup date [Mon Jun 04 13:28:24 CST 2018]; root of context hierarchy
2018-06-04 13:28:25  [ Thread-1:1268 ] - [ INFO ]  {dataSource-1} closed
2018-06-04 13:29:04  [ main:0 ] - [ INFO ]  Loaded default TestExecutionListener class names from location [META-INF/spring.factories]: [org.springframework.test.context.web.ServletTestExecutionListener, org.springframework.test.context.support.DirtiesContextBeforeModesTestExecutionListener, org.springframework.test.context.support.DependencyInjectionTestExecutionListener, org.springframework.test.context.support.DirtiesContextTestExecutionListener, org.springframework.test.context.transaction.TransactionalTestExecutionListener, org.springframework.test.context.jdbc.SqlScriptsTestExecutionListener]
2018-06-04 13:29:04  [ main:31 ] - [ INFO ]  Could not instantiate TestExecutionListener [org.springframework.test.context.web.ServletTestExecutionListener]. Specify custom listener classes or make the default listener classes (and their required dependencies) available. Offending class: [javax/servlet/ServletContext]
2018-06-04 13:29:04  [ main:31 ] - [ INFO ]  Using TestExecutionListeners: [org.springframework.test.context.support.DirtiesContextBeforeModesTestExecutionListener@16a51ab, org.springframework.test.context.support.DependencyInjectionTestExecutionListener@1081592, org.springframework.test.context.support.DirtiesContextTestExecutionListener@19a81e8, org.springframework.test.context.transaction.TransactionalTestExecutionListener@1629756, org.springframework.test.context.jdbc.SqlScriptsTestExecutionListener@ee68d8]
2018-06-04 13:29:04  [ main:171 ] - [ INFO ]  Loading XML bean definitions from class path resource [applicationContext.xml]
2018-06-04 13:29:04  [ main:392 ] - [ INFO ]  Refreshing org.springframework.context.support.GenericApplicationContext@f777e8: startup date [Mon Jun 04 13:29:04 CST 2018]; root of context hierarchy
2018-06-04 13:29:04  [ main:548 ] - [ INFO ]  Loading properties file from class path resource [db.properties]
2018-06-04 13:29:05  [ main:813 ] - [ INFO ]  {dataSource-1} inited
2018-06-04 13:29:05  [ main:1157 ] - [ INFO ]  Refreshing org.springframework.context.support.ClassPathXmlApplicationContext@b1e9b8: startup date [Mon Jun 04 13:29:05 CST 2018]; root of context hierarchy
2018-06-04 13:29:05  [ main:1157 ] - [ INFO ]  Loading XML bean definitions from class path resource [applicationContext.xml]
2018-06-04 13:29:05  [ main:1189 ] - [ INFO ]  Loading properties file from class path resource [db.properties]
2018-06-04 13:29:05  [ main:1204 ] - [ INFO ]  {dataSource-2} inited
2018-06-04 13:29:06  [ Thread-1:1610 ] - [ INFO ]  Closing org.springframework.context.support.GenericApplicationContext@f777e8: startup date [Mon Jun 04 13:29:04 CST 2018]; root of context hierarchy
2018-06-04 13:29:06  [ Thread-1:1626 ] - [ INFO ]  {dataSource-1} closed
2018-06-04 13:29:18  [ main:0 ] - [ INFO ]  Loaded default TestExecutionListener class names from location [META-INF/spring.factories]: [org.springframework.test.context.web.ServletTestExecutionListener, org.springframework.test.context.support.DirtiesContextBeforeModesTestExecutionListener, org.springframework.test.context.support.DependencyInjectionTestExecutionListener, org.springframework.test.context.support.DirtiesContextTestExecutionListener, org.springframework.test.context.transaction.TransactionalTestExecutionListener, org.springframework.test.context.jdbc.SqlScriptsTestExecutionListener]
2018-06-04 13:29:18  [ main:32 ] - [ INFO ]  Could not instantiate TestExecutionListener [org.springframework.test.context.web.ServletTestExecutionListener]. Specify custom listener classes or make the default listener classes (and their required dependencies) available. Offending class: [javax/servlet/ServletContext]
2018-06-04 13:29:18  [ main:32 ] - [ INFO ]  Using TestExecutionListeners: [org.springframework.test.context.support.DirtiesContextBeforeModesTestExecutionListener@16a51ab, org.springframework.test.context.support.DependencyInjectionTestExecutionListener@1081592, org.springframework.test.context.support.DirtiesContextTestExecutionListener@19a81e8, org.springframework.test.context.transaction.TransactionalTestExecutionListener@1629756, org.springframework.test.context.jdbc.SqlScriptsTestExecutionListener@ee68d8]
2018-06-04 13:29:18  [ main:172 ] - [ INFO ]  Loading XML bean definitions from class path resource [applicationContext.xml]
2018-06-04 13:29:18  [ main:375 ] - [ INFO ]  Refreshing org.springframework.context.support.GenericApplicationContext@f777e8: startup date [Mon Jun 04 13:29:18 CST 2018]; root of context hierarchy
2018-06-04 13:29:18  [ main:516 ] - [ INFO ]  Loading properties file from class path resource [db.properties]
2018-06-04 13:29:19  [ main:782 ] - [ INFO ]  {dataSource-1} inited
2018-06-04 13:29:19  [ Thread-1:1516 ] - [ INFO ]  Closing org.springframework.context.support.GenericApplicationContext@f777e8: startup date [Mon Jun 04 13:29:18 CST 2018]; root of context hierarchy
2018-06-04 13:29:19  [ Thread-1:1516 ] - [ INFO ]  {dataSource-1} closed
2018-06-04 13:30:22  [ main:0 ] - [ INFO ]  Refreshing org.springframework.context.support.ClassPathXmlApplicationContext@163006a: startup date [Mon Jun 04 13:30:22 CST 2018]; root of context hierarchy
2018-06-04 13:30:22  [ main:47 ] - [ INFO ]  Loading XML bean definitions from class path resource [applicationContext.xml]
2018-06-04 13:30:22  [ main:313 ] - [ INFO ]  Loading properties file from class path resource [db.properties]
2018-06-04 13:30:22  [ main:547 ] - [ INFO ]  {dataSource-1} inited
2018-06-04 13:30:23  [ main:828 ] - [ INFO ]  Refreshing org.springframework.context.support.ClassPathXmlApplicationContext@a3d150: startup date [Mon Jun 04 13:30:23 CST 2018]; root of context hierarchy
2018-06-04 13:30:23  [ main:828 ] - [ INFO ]  Loading XML bean definitions from class path resource [applicationContext.xml]
2018-06-04 13:30:23  [ main:875 ] - [ INFO ]  Loading properties file from class path resource [db.properties]
2018-06-04 13:30:23  [ main:891 ] - [ INFO ]  {dataSource-2} inited
2018-06-04 13:30:41  [ main:0 ] - [ INFO ]  Refreshing org.springframework.context.support.ClassPathXmlApplicationContext@163006a: startup date [Mon Jun 04 13:30:41 CST 2018]; root of context hierarchy
2018-06-04 13:30:41  [ main:63 ] - [ INFO ]  Loading XML bean definitions from class path resource [applicationContext.xml]
2018-06-04 13:30:41  [ main:328 ] - [ INFO ]  Loading properties file from class path resource [db.properties]
2018-06-04 13:30:41  [ main:563 ] - [ INFO ]  {dataSource-1} inited
2018-06-04 13:30:42  [ main:860 ] - [ INFO ]  Refreshing org.springframework.context.support.ClassPathXmlApplicationContext@a3d150: startup date [Mon Jun 04 13:30:42 CST 2018]; root of context hierarchy
2018-06-04 13:30:42  [ main:860 ] - [ INFO ]  Loading XML bean definitions from class path resource [applicationContext.xml]
2018-06-04 13:30:42  [ main:906 ] - [ INFO ]  Loading properties file from class path resource [db.properties]
2018-06-04 13:30:42  [ main:938 ] - [ INFO ]  {dataSource-2} inited
